The target system is: Generic - 3.7.99 - arm
The host system is: Windows - 10.0.26100 - AMD64
Compiling the C compiler identification source file "CMakeCCompilerId.c" succeeded.
Compiler: C:/ncs/toolchains/b620d30767/opt/zephyr-sdk/arm-zephyr-eabi/bin/arm-zephyr-eabi-gcc.exe 
Build flags: 
Id flags: -c 

The output was:
0


Compilation of the C compiler identification source "CMakeCCompilerId.c" produced "CMakeCCompilerId.o"

The C compiler identification is GNU, found in "C:/ncs/v2.9.0/nrf/applications/nrf5340_audio/build/ipc_radio/CMakeFiles/3.21.0/CompilerIdC/CMakeCCompilerId.o"

Compiling the CXX compiler identification source file "CMakeCXXCompilerId.cpp" succeeded.
Compiler: C:/ncs/toolchains/b620d30767/opt/zephyr-sdk/arm-zephyr-eabi/bin/arm-zephyr-eabi-gcc.exe 
Build flags: 
Id flags: -c 

The output was:
0


Compilation of the CXX compiler identification source "CMakeCXXCompilerId.cpp" produced "CMakeCXXCompilerId.o"

The CXX compiler identification is GNU, found in "C:/ncs/v2.9.0/nrf/applications/nrf5340_audio/build/ipc_radio/CMakeFiles/3.21.0/CompilerIdCXX/CMakeCXXCompilerId.o"

Checking whether the ASM compiler is GNU using "--version" matched "(GNU assembler)|(GCC)|(Free Software Foundation)":
arm-zephyr-eabi-gcc.exe (Zephyr SDK 0.17.0) 12.2.0
Copyright (C) 2022 Free Software Foundation, Inc.
This is free software; see the source for copying conditions.  There is NO
warranty; not even for MERCHANTABILITY or FITNESS FOR A PARTICULAR PURPOSE.

Determining if files stdatomic.h exist passed with the following output:
Change Dir: C:/ncs/v2.9.0/nrf/applications/nrf5340_audio/build/ipc_radio/CMakeFiles/CMakeTmp

Run Build Command(s):C:/ncs/toolchains/b620d30767/opt/bin/ninja.exe cmTC_89d63 && [1/2] Building C object CMakeFiles/cmTC_89d63.dir/HAVE_STDATOMIC_H.c.obj
[2/2] Linking C executable cmTC_89d63
arm-zephyr-eabi-gcc.exe: warning: CMakeFiles/cmTC_89d63.dir/HAVE_STDATOMIC_H.c.obj: linker input file unused because linking not done



Determining if files fcntl.h exist passed with the following output:
Change Dir: C:/ncs/v2.9.0/nrf/applications/nrf5340_audio/build/ipc_radio/CMakeFiles/CMakeTmp

Run Build Command(s):C:/ncs/toolchains/b620d30767/opt/bin/ninja.exe cmTC_bf9f8 && [1/2] Building C object CMakeFiles/cmTC_bf9f8.dir/HAVE_FCNTL_H.c.obj
[2/2] Linking C executable cmTC_bf9f8
arm-zephyr-eabi-gcc.exe: warning: CMakeFiles/cmTC_bf9f8.dir/HAVE_FCNTL_H.c.obj: linker input file unused because linking not done



